{"__type":"$$EventMessageAudit","id":"a42a9fbd-f7b2-4148-9203-3bc768300fee","ts":"2026-04-05T03:35:28.183-04:00","eventName":"n8n.audit.workflow.deactivated","message":"n8n.audit.workflow.deactivated","payload":{"userId":"2751ad2b-b460-45a3-b07c-03658afc8f4c","_email":"thanisorn.saechueng@gmail.com","_firstName":"thanisorn","_lastName":"saechueng","globalRole":"global:owner","workflowId":"SsGePNGFZS6JqZ16","workflowName":"final","deactivatedVersionId":"f139438e-0cf1-4ca3-a722-eb9bb76c5938"}}
{"__type":"$$EventMessageConfirm","confirm":"a42a9fbd-f7b2-4148-9203-3bc768300fee","ts":"2026-04-05T03:35:28.183-04:00","source":{"id":"0","name":"eventBus"}}
{"__type":"$$EventMessageAudit","id":"8ab9dcc2-edaa-44d1-8c5f-4e713582cdba","ts":"2026-04-05T03:35:47.481-04:00","eventName":"n8n.audit.workflow.updated","message":"n8n.audit.workflow.updated","payload":{"userId":"2751ad2b-b460-45a3-b07c-03658afc8f4c","_email":"thanisorn.saechueng@gmail.com","_firstName":"thanisorn","_lastName":"saechueng","globalRole":"global:owner","workflowId":"rB1vklP0FvhdEfIL","workflowName":"n8n"}}
{"__type":"$$EventMessageConfirm","confirm":"8ab9dcc2-edaa-44d1-8c5f-4e713582cdba","ts":"2026-04-05T03:35:47.482-04:00","source":{"id":"0","name":"eventBus"}}
{"__type":"$$EventMessageAudit","id":"98536910-4949-4013-84a0-62211ba66d33","ts":"2026-04-05T03:35:51.157-04:00","eventName":"n8n.audit.workflow.updated","message":"n8n.audit.workflow.updated","payload":{"userId":"2751ad2b-b460-45a3-b07c-03658afc8f4c","_email":"thanisorn.saechueng@gmail.com","_firstName":"thanisorn","_lastName":"saechueng","globalRole":"global:owner","workflowId":"rB1vklP0FvhdEfIL","workflowName":"n8n"}}
{"__type":"$$EventMessageConfirm","confirm":"98536910-4949-4013-84a0-62211ba66d33","ts":"2026-04-05T03:35:51.157-04:00","source":{"id":"0","name":"eventBus"}}
{"__type":"$$EventMessageAudit","id":"21052f95-7de9-4685-aca4-15c52eeec943","ts":"2026-04-05T03:36:09.538-04:00","eventName":"n8n.audit.workflow.updated","message":"n8n.audit.workflow.updated","payload":{"userId":"2751ad2b-b460-45a3-b07c-03658afc8f4c","_email":"thanisorn.saechueng@gmail.com","_firstName":"thanisorn","_lastName":"saechueng","globalRole":"global:owner","workflowId":"rB1vklP0FvhdEfIL","workflowName":"final"}}
{"__type":"$$EventMessageConfirm","confirm":"21052f95-7de9-4685-aca4-15c52eeec943","ts":"2026-04-05T03:36:09.538-04:00","source":{"id":"0","name":"eventBus"}}
{"__type":"$$EventMessageAudit","id":"34aa7557-942c-4304-879d-3e6e478ed1f1","ts":"2026-04-05T03:37:22.361-04:00","eventName":"n8n.audit.workflow.updated","message":"n8n.audit.workflow.updated","payload":{"userId":"2751ad2b-b460-45a3-b07c-03658afc8f4c","_email":"thanisorn.saechueng@gmail.com","_firstName":"thanisorn","_lastName":"saechueng","globalRole":"global:owner","workflowId":"rB1vklP0FvhdEfIL","workflowName":"n8n"}}
{"__type":"$$EventMessageConfirm","confirm":"34aa7557-942c-4304-879d-3e6e478ed1f1","ts":"2026-04-05T03:37:22.362-04:00","source":{"id":"0","name":"eventBus"}}
{"__type":"$$EventMessageAudit","id":"24dff56d-dc7b-4498-9684-947d5e636e79","ts":"2026-04-05T03:37:22.827-04:00","eventName":"n8n.audit.workflow.updated","message":"n8n.audit.workflow.updated","payload":{"userId":"2751ad2b-b460-45a3-b07c-03658afc8f4c","_email":"thanisorn.saechueng@gmail.com","_firstName":"thanisorn","_lastName":"saechueng","globalRole":"global:owner","workflowId":"rB1vklP0FvhdEfIL","workflowName":"n8n"}}
{"__type":"$$EventMessageConfirm","confirm":"24dff56d-dc7b-4498-9684-947d5e636e79","ts":"2026-04-05T03:37:22.827-04:00","source":{"id":"0","name":"eventBus"}}
{"__type":"$$EventMessageAudit","id":"ceef0eb8-5893-4d65-9ee7-ddd7027245b8","ts":"2026-04-05T03:37:29.936-04:00","eventName":"n8n.audit.workflow.activated","message":"n8n.audit.workflow.activated","payload":{"userId":"2751ad2b-b460-45a3-b07c-03658afc8f4c","_email":"thanisorn.saechueng@gmail.com","_firstName":"thanisorn","_lastName":"saechueng","globalRole":"global:owner","workflowId":"SsGePNGFZS6JqZ16","workflowName":"final","activeVersionId":"f139438e-0cf1-4ca3-a722-eb9bb76c5938"}}
{"__type":"$$EventMessageConfirm","confirm":"ceef0eb8-5893-4d65-9ee7-ddd7027245b8","ts":"2026-04-05T03:37:29.937-04:00","source":{"id":"0","name":"eventBus"}}
{"__type":"$$EventMessageWorkflow","id":"f73d7521-1be4-4441-ae59-60133f57cdd7","ts":"2026-04-05T03:37:32.834-04:00","eventName":"n8n.workflow.started","message":"n8n.workflow.started","payload":{"executionId":"41","workflowId":"SsGePNGFZS6JqZ16","isManual":false,"mode":"webhook","workflowName":"final"}}
{"__type":"$$EventMessageConfirm","confirm":"f73d7521-1be4-4441-ae59-60133f57cdd7","ts":"2026-04-05T03:37:32.834-04:00","source":{"id":"0","name":"eventBus"}}
{"__type":"$$EventMessageAudit","id":"46579159-3b3a-48b5-9685-af403d03c7bb","ts":"2026-04-05T03:37:32.834-04:00","eventName":"n8n.audit.workflow.executed","message":"n8n.audit.workflow.executed","payload":{"workflowId":"SsGePNGFZS6JqZ16","workflowName":"final","executionId":"41","source":"webhook"}}
{"__type":"$$EventMessageConfirm","confirm":"46579159-3b3a-48b5-9685-af403d03c7bb","ts":"2026-04-05T03:37:32.835-04:00","source":{"id":"0","name":"eventBus"}}
{"__type":"$$EventMessageNode","id":"2081ae1b-4ef2-4659-9216-714dfd0e74a1","ts":"2026-04-05T03:37:32.835-04:00","eventName":"n8n.node.started","message":"n8n.node.started","payload":{"workflowId":"SsGePNGFZS6JqZ16","workflowName":"final","executionId":"41","nodeType":"n8n-nodes-base.webhook","nodeName":"Webhook","nodeId":"a01a56b8-d7d7-4c8b-8629-aefa59ec05a9"}}
{"__type":"$$EventMessageConfirm","confirm":"2081ae1b-4ef2-4659-9216-714dfd0e74a1","ts":"2026-04-05T03:37:32.835-04:00","source":{"id":"0","name":"eventBus"}}
{"__type":"$$EventMessageNode","id":"1035bf4e-d8f0-411c-884d-ff6ea061755c","ts":"2026-04-05T03:37:32.836-04:00","eventName":"n8n.node.finished","message":"n8n.node.finished","payload":{"workflowId":"SsGePNGFZS6JqZ16","workflowName":"final","executionId":"41","nodeType":"n8n-nodes-base.webhook","nodeName":"Webhook","nodeId":"a01a56b8-d7d7-4c8b-8629-aefa59ec05a9"}}
{"__type":"$$EventMessageConfirm","confirm":"1035bf4e-d8f0-411c-884d-ff6ea061755c","ts":"2026-04-05T03:37:32.837-04:00","source":{"id":"0","name":"eventBus"}}
{"__type":"$$EventMessageNode","id":"c471b1eb-57d8-4fe6-9075-b58b51fe5987","ts":"2026-04-05T03:37:32.837-04:00","eventName":"n8n.node.started","message":"n8n.node.started","payload":{"workflowId":"SsGePNGFZS6JqZ16","workflowName":"final","executionId":"41","nodeType":"n8n-nodes-base.googleSheets","nodeName":"Get row(s) in sheet","nodeId":"229a31e9-2a67-48b7-b6dc-09b0d2876685"}}
{"__type":"$$EventMessageConfirm","confirm":"c471b1eb-57d8-4fe6-9075-b58b51fe5987","ts":"2026-04-05T03:37:32.837-04:00","source":{"id":"0","name":"eventBus"}}
{"__type":"$$EventMessageNode","id":"7530fb93-9700-4079-a1be-ae700db8e96d","ts":"2026-04-05T03:37:34.169-04:00","eventName":"n8n.node.finished","message":"n8n.node.finished","payload":{"workflowId":"SsGePNGFZS6JqZ16","workflowName":"final","executionId":"41","nodeType":"n8n-nodes-base.googleSheets","nodeName":"Get row(s) in sheet","nodeId":"229a31e9-2a67-48b7-b6dc-09b0d2876685"}}
{"__type":"$$EventMessageConfirm","confirm":"7530fb93-9700-4079-a1be-ae700db8e96d","ts":"2026-04-05T03:37:34.169-04:00","source":{"id":"0","name":"eventBus"}}
{"__type":"$$EventMessageNode","id":"640767ba-0e8c-45fc-b286-20c1cc40dd58","ts":"2026-04-05T03:37:34.169-04:00","eventName":"n8n.node.started","message":"n8n.node.started","payload":{"workflowId":"SsGePNGFZS6JqZ16","workflowName":"final","executionId":"41","nodeType":"n8n-nodes-base.set","nodeName":"Edit Fields","nodeId":"4fe2ab0c-c5fd-4a0a-971a-3405298b5ee4"}}
{"__type":"$$EventMessageConfirm","confirm":"640767ba-0e8c-45fc-b286-20c1cc40dd58","ts":"2026-04-05T03:37:34.169-04:00","source":{"id":"0","name":"eventBus"}}
{"__type":"$$EventMessageNode","id":"662c2132-be70-4860-ac3f-46f379986cca","ts":"2026-04-05T03:37:34.184-04:00","eventName":"n8n.node.finished","message":"n8n.node.finished","payload":{"workflowId":"SsGePNGFZS6JqZ16","workflowName":"final","executionId":"41","nodeType":"n8n-nodes-base.set","nodeName":"Edit Fields","nodeId":"4fe2ab0c-c5fd-4a0a-971a-3405298b5ee4"}}
{"__type":"$$EventMessageConfirm","confirm":"662c2132-be70-4860-ac3f-46f379986cca","ts":"2026-04-05T03:37:34.184-04:00","source":{"id":"0","name":"eventBus"}}
{"__type":"$$EventMessageNode","id":"0319629d-278f-42e1-ac64-7c12323bb1a9","ts":"2026-04-05T03:37:34.184-04:00","eventName":"n8n.node.started","message":"n8n.node.started","payload":{"workflowId":"SsGePNGFZS6JqZ16","workflowName":"final","executionId":"41","nodeType":"n8n-nodes-base.respondToWebhook","nodeName":"Respond to Webhook","nodeId":"7cb13741-7e7a-4ba2-92e1-14a9a7d8a491"}}
{"__type":"$$EventMessageConfirm","confirm":"0319629d-278f-42e1-ac64-7c12323bb1a9","ts":"2026-04-05T03:37:34.184-04:00","source":{"id":"0","name":"eventBus"}}
{"__type":"$$EventMessageNode","id":"5f1bbd20-39db-422b-96c2-108dc1fb2fcf","ts":"2026-04-05T03:37:34.186-04:00","eventName":"n8n.node.finished","message":"n8n.node.finished","payload":{"workflowId":"SsGePNGFZS6JqZ16","workflowName":"final","executionId":"41","nodeType":"n8n-nodes-base.respondToWebhook","nodeName":"Respond to Webhook","nodeId":"7cb13741-7e7a-4ba2-92e1-14a9a7d8a491"}}
{"__type":"$$EventMessageConfirm","confirm":"5f1bbd20-39db-422b-96c2-108dc1fb2fcf","ts":"2026-04-05T03:37:34.186-04:00","source":{"id":"0","name":"eventBus"}}
{"__type":"$$EventMessageWorkflow","id":"1315684e-2805-43c3-8b18-9442e09347f9","ts":"2026-04-05T03:37:34.187-04:00","eventName":"n8n.workflow.success","message":"n8n.workflow.success","payload":{"executionId":"41","success":true,"isManual":false,"mode":"webhook","workflowId":"SsGePNGFZS6JqZ16","workflowName":"final"}}
{"__type":"$$EventMessageConfirm","confirm":"1315684e-2805-43c3-8b18-9442e09347f9","ts":"2026-04-05T03:37:34.187-04:00","source":{"id":"0","name":"eventBus"}}
